This file contains any messages produced by compilers while
running configure, to aid debugging if configure makes a mistake.

It was created by MPFR configure 3.1.2, which was
generated by GNU Autoconf 2.69.  Invocation command line was

  $ ./configure 

## --------- ##
## Platform. ##
## --------- ##

hostname = me-zfan800
uname -m = i686
uname -r = 1.0.12(0.46/3/2)
uname -s = MINGW32_NT-6.1
uname -v = 2012-07-05 14:56

/usr/bin/uname -p = unknown
/bin/uname -X     = unknown

/bin/arch              = unknown
/usr/bin/arch -k       = unknown
/usr/convex/getsysinfo = unknown
/usr/bin/hostinfo      = unknown
/bin/machine           = unknown
/usr/bin/oslevel       = unknown
/bin/universe          = unknown

PATH: /h/bin
PATH: .
PATH: /usr/local/bin
PATH: /mingw/bin
PATH: /bin
PATH: /c/Windows/system32/WindowsPowerShell/v1.0/
PATH: /c/Windows/system32
PATH: /c/Windows
PATH: /c/Windows/System32/Wbem
PATH: /c/Windows/System32/WindowsPowerShell/v1.0/
PATH: /c/ic-utils
PATH: /c/Windows/System32/WindowsPowerShell/v1.0/
PATH: /c/Program Files (x86)/Java/jre7/bin
PATH: /c/Program Files (x86)/QuickTime/QTSystem/
PATH: /c/Program Files (x86)/Enterprise Vault/EVClient/
PATH: /c/Program Files (x86)/Java/jre7/bin
PATH: /c/Windows/System32/WindowsPowerShell/v1.0/
PATH: /c/MinGW/bin
PATH: /c/Program Files/MATLAB/R2014a/runtime/win64
PATH: /c/Program Files/MATLAB/R2014a/bin
PATH: /c/Program Files/doxygen/bin
PATH: /c/Program Files (x86)/Windows Kits/8.1/Windows Performance Toolkit/
PATH: /c/Program Files/Microsoft SQL Server/110/Tools/Binn/
PATH: /c/Program Files (x86)/Microsoft SDKs/TypeScript/1.0/
PATH: /c/cygwin64/bin
PATH: /c/Program Files (x86)/GnuWin32/bin
PATH: /cmd


## ----------- ##
## Core tests. ##
## ----------- ##

configure:2558: checking for a BSD-compatible install
configure:2626: result: ./install-sh -c
configure:2637: checking whether build environment is sane
configure:2687: result: yes
configure:2828: checking for a thread-safe mkdir -p
configure:2867: result: /bin/mkdir -p
configure:2880: checking for gawk
configure:2896: found /bin/gawk
configure:2907: result: gawk
configure:2918: checking whether make sets $(MAKE)
configure:2940: result: yes
configure:3012: checking whether to enable maintainer-specific portions of Makefiles
configure:3021: result: yes
configure:3044: checking build system type
configure:3058: result: i686-pc-mingw32
configure:3078: checking host system type
configure:3091: result: i686-pc-mingw32
configure:3112: checking for grep that handles long lines and -e
configure:3170: result: /bin/grep
configure:3175: checking for egrep
configure:3237: result: /bin/grep -E
configure:3242: checking for a sed that does not truncate output
configure:3306: result: /bin/sed
configure:3476: checking for CC and CFLAGS in gmp.h
configure:3505: result: yes CC=gcc -std=gnu99 CFLAGS=-m32 -O2 -pedantic -fomit-frame-pointer -mtune=corei7 -march=corei7
configure:3511: checking for CC=gcc -std=gnu99 and CFLAGS=-m32 -O2 -pedantic -fomit-frame-pointer -mtune=corei7 -march=corei7
configure:3515: result: yes
configure:3577: checking for gcc
configure:3604: result: gcc -std=gnu99
configure:3833: checking for C compiler version
configure:3842: gcc -std=gnu99 --version >&5
gcc.exe (GCC) 4.8.1
Copyright (C) 2013 Free Software Foundation, Inc.
This is free software; see the source for copying conditions.  There is NO
warranty; not even for MERCHANTABILITY or FITNESS FOR A PARTICULAR PURPOSE.

configure:3853: $? = 0
configure:3842: gcc -std=gnu99 -v >&5
Using built-in specs.
COLLECT_GCC=c:\MinGW\bin\gcc.exe
COLLECT_LTO_WRAPPER=c:/mingw/bin/../libexec/gcc/mingw32/4.8.1/lto-wrapper.exe
Target: mingw32
Configured with: ../gcc-4.8.1/configure --prefix=/mingw --host=mingw32 --build=mingw32 --without-pic --enable-shared --enable-static --with-gnu-ld --enable-lto --enable-libssp --disable-multilib --enable-languages=c,c++,fortran,objc,obj-c++,ada --disable-sjlj-exceptions --with-dwarf2 --disable-win32-registry --enable-libstdcxx-debug --enable-version-specific-runtime-libs --with-gmp=/usr/src/pkg/gmp-5.1.2-1-mingw32-src/bld --with-mpc=/usr/src/pkg/mpc-1.0.1-1-mingw32-src/bld --with-mpfr= --with-system-zlib --with-gnu-as --enable-decimal-float=yes --enable-libgomp --enable-threads --with-libiconv-prefix=/mingw32 --with-libintl-prefix=/mingw --disable-bootstrap LDFLAGS=-s CFLAGS=-D_USE_32BIT_TIME_T
Thread model: win32
gcc version 4.8.1 (GCC) 
configure:3853: $? = 0
configure:3842: gcc -std=gnu99 -V >&5
gcc.exe: error: unrecognized command line option '-V'
gcc.exe: fatal error: no input files
compilation terminated.
configure:3853: $? = 1
configure:3842: gcc -std=gnu99 -qversion >&5
gcc.exe: error: unrecognized command line option '-qversion'
gcc.exe: fatal error: no input files
compilation terminated.
configure:3853: $? = 1
configure:3873: checking whether the C compiler works
configure:3895: gcc -std=gnu99 -m32 -O2 -pedantic -fomit-frame-pointer -mtune=corei7 -march=corei7   conftest.c  >&5
configure:3899: $? = 0
configure:3947: result: yes
configure:3950: checking for C compiler default output file name
configure:3952: result: a.exe
configure:3958: checking for suffix of executables
configure:3965: gcc -std=gnu99 -o conftest.exe -m32 -O2 -pedantic -fomit-frame-pointer -mtune=corei7 -march=corei7   conftest.c  >&5
configure:3969: $? = 0
configure:3991: result: .exe
configure:4013: checking whether we are cross compiling
configure:4021: gcc -std=gnu99 -o conftest.exe -m32 -O2 -pedantic -fomit-frame-pointer -mtune=corei7 -march=corei7   conftest.c  >&5
configure:4025: $? = 0
configure:4032: ./conftest.exe
configure:4036: $? = 0
configure:4051: result: no
configure:4056: checking for suffix of object files
configure:4078: gcc -std=gnu99 -c -m32 -O2 -pedantic -fomit-frame-pointer -mtune=corei7 -march=corei7  conftest.c >&5
configure:4082: $? = 0
configure:4103: result: o
configure:4107: checking whether we are using the GNU C compiler
configure:4126: gcc -std=gnu99 -c -m32 -O2 -pedantic -fomit-frame-pointer -mtune=corei7 -march=corei7  conftest.c >&5
configure:4126: $? = 0
configure:4135: result: yes
configure:4144: checking whether gcc -std=gnu99 accepts -g
configure:4164: gcc -std=gnu99 -c -g  conftest.c >&5
configure:4164: $? = 0
configure:4205: result: yes
configure:4222: checking for gcc -std=gnu99 option to accept ISO C89
configure:4285: gcc -std=gnu99  -c -m32 -O2 -pedantic -fomit-frame-pointer -mtune=corei7 -march=corei7  conftest.c >&5
configure:4285: $? = 0
configure:4298: result: none needed
configure:4329: checking for style of include used by make
configure:4357: result: GNU
configure:4383: checking dependency style of gcc -std=gnu99
configure:4494: result: gcc3
configure:4514: checking how to run the C preprocessor
configure:4545: gcc -std=gnu99 -E  conftest.c
configure:4545: $? = 0
configure:4559: gcc -std=gnu99 -E  conftest.c
conftest.c:9:28: fatal error: ac_nonexistent.h: No such file or directory
 #include <ac_nonexistent.h>
                            ^
compilation terminated.
configure:4559: $? = 1
configure: failed program was:
| /* confdefs.h */
| #define PACKAGE_NAME "MPFR"
| #define PACKAGE_TARNAME "mpfr"
| #define PACKAGE_VERSION "3.1.2"
| #define PACKAGE_STRING "MPFR 3.1.2"
| #define PACKAGE_BUGREPORT ""
| #define PACKAGE_URL ""
| /* end confdefs.h.  */
| #include <ac_nonexistent.h>
configure:4584: result: gcc -std=gnu99 -E
configure:4604: gcc -std=gnu99 -E  conftest.c
configure:4604: $? = 0
configure:4618: gcc -std=gnu99 -E  conftest.c
conftest.c:9:28: fatal error: ac_nonexistent.h: No such file or directory
 #include <ac_nonexistent.h>
                            ^
compilation terminated.
configure:4618: $? = 1
configure: failed program was:
| /* confdefs.h */
| #define PACKAGE_NAME "MPFR"
| #define PACKAGE_TARNAME "mpfr"
| #define PACKAGE_VERSION "3.1.2"
| #define PACKAGE_STRING "MPFR 3.1.2"
| #define PACKAGE_BUGREPORT ""
| #define PACKAGE_URL ""
| /* end confdefs.h.  */
| #include <ac_nonexistent.h>
configure:4757: checking for ICC
configure:4775: gcc -std=gnu99 -c -m32 -O2 -pedantic -fomit-frame-pointer -mtune=corei7 -march=corei7  conftest.c >&5
conftest.c:11:3: error: #error "ICC Not Found"
 # error "ICC Not Found"
   ^
conftest.c:15:1: error: expected '=', ',', ';', 'asm' or '__attribute__' before 'int'
 int
 ^
configure:4775: $? = 1
configure: failed program was:
| /* confdefs.h */
| #define PACKAGE_NAME "MPFR"
| #define PACKAGE_TARNAME "mpfr"
| #define PACKAGE_VERSION "3.1.2"
| #define PACKAGE_STRING "MPFR 3.1.2"
| #define PACKAGE_BUGREPORT ""
| #define PACKAGE_URL ""
| /* end confdefs.h.  */
| 
| #if !defined(__ICC)
| # error "ICC Not Found"
| error
| #endif
| 
| int
| main ()
| {
| 
|   ;
|   return 0;
| }
configure:4782: result: no
configure:4792: checking whether gcc -std=gnu99 and cc understand -c and -o together
configure:4823: gcc -std=gnu99 -c conftest.c -o conftest2.o >&5
configure:4827: $? = 0
configure:4833: gcc -std=gnu99 -c conftest.c -o conftest2.o >&5
configure:4837: $? = 0
configure:4848: cc -c conftest.c >&5
configure:4852: $? = 0
configure:4860: cc -c conftest.c -o conftest2.o >&5
configure:4864: $? = 0
configure:4870: cc -c conftest.c -o conftest2.o >&5
configure:4874: $? = 0
configure:4892: result: yes
configure:4952: checking for an ANSI C-conforming const
configure:5018: gcc -std=gnu99 -c -Wall -Wmissing-prototypes -Wpointer-arith -m32 -O2 -pedantic -fomit-frame-pointer -mtune=corei7 -march=corei7  conftest.c >&5
configure:5018: $? = 0
configure:5025: result: yes
configure:5033: checking for working volatile
configure:5052: gcc -std=gnu99 -c -Wall -Wmissing-prototypes -Wpointer-arith -m32 -O2 -pedantic -fomit-frame-pointer -mtune=corei7 -march=corei7  conftest.c >&5
configure:5052: $? = 0
configure:5059: result: yes
configure:5225: checking for main in -lm
configure:5244: gcc -std=gnu99 -o conftest.exe -Wall -Wmissing-prototypes -Wpointer-arith -m32 -O2 -pedantic -fomit-frame-pointer -mtune=corei7 -march=corei7   conftest.c -lm   >&5
configure:5244: $? = 0
configure:5253: result: yes
configure:5262: checking whether time.h and sys/time.h may both be included
configure:5282: gcc -std=gnu99 -c -Wall -Wmissing-prototypes -Wpointer-arith -m32 -O2 -pedantic -fomit-frame-pointer -mtune=corei7 -march=corei7  conftest.c >&5
configure:5282: $? = 0
configure:5289: result: yes
configure:5298: checking for ANSI C header files
configure:5318: gcc -std=gnu99 -c -Wall -Wmissing-prototypes -Wpointer-arith -m32 -O2 -pedantic -fomit-frame-pointer -mtune=corei7 -march=corei7  conftest.c >&5
configure:5318: $? = 0
configure:5391: gcc -std=gnu99 -o conftest.exe -Wall -Wmissing-prototypes -Wpointer-arith -m32 -O2 -pedantic -fomit-frame-pointer -mtune=corei7 -march=corei7   conftest.c  >&5
configure:5391: $? = 0
configure:5391: ./conftest.exe
configure:5391: $? = 0
configure:5402: result: yes
configure:5415: checking for sys/types.h
configure:5415: gcc -std=gnu99 -c -Wall -Wmissing-prototypes -Wpointer-arith -m32 -O2 -pedantic -fomit-frame-pointer -mtune=corei7 -march=corei7  conftest.c >&5
configure:5415: $? = 0
configure:5415: result: yes
configure:5415: checking for sys/stat.h
configure:5415: gcc -std=gnu99 -c -Wall -Wmissing-prototypes -Wpointer-arith -m32 -O2 -pedantic -fomit-frame-pointer -mtune=corei7 -march=corei7  conftest.c >&5
configure:5415: $? = 0
configure:5415: result: yes
configure:5415: checking for stdlib.h
configure:5415: gcc -std=gnu99 -c -Wall -Wmissing-prototypes -Wpointer-arith -m32 -O2 -pedantic -fomit-frame-pointer -mtune=corei7 -march=corei7  conftest.c >&5
configure:5415: $? = 0
configure:5415: result: yes
configure:5415: checking for string.h
configure:5415: gcc -std=gnu99 -c -Wall -Wmissing-prototypes -Wpointer-arith -m32 -O2 -pedantic -fomit-frame-pointer -mtune=corei7 -march=corei7  conftest.c >&5
configure:5415: $? = 0
configure:5415: result: yes
configure:5415: checking for memory.h
configure:5415: gcc -std=gnu99 -c -Wall -Wmissing-prototypes -Wpointer-arith -m32 -O2 -pedantic -fomit-frame-pointer -mtune=corei7 -march=corei7  conftest.c >&5
configure:5415: $? = 0
configure:5415: result: yes
configure:5415: checking for strings.h
configure:5415: gcc -std=gnu99 -c -Wall -Wmissing-prototypes -Wpointer-arith -m32 -O2 -pedantic -fomit-frame-pointer -mtune=corei7 -march=corei7  conftest.c >&5
configure:5415: $? = 0
configure:5415: result: yes
configure:5415: checking for inttypes.h
configure:5415: gcc -std=gnu99 -c -Wall -Wmissing-prototypes -Wpointer-arith -m32 -O2 -pedantic -fomit-frame-pointer -mtune=corei7 -march=corei7  conftest.c >&5
configure:5415: $? = 0
configure:5415: result: yes
configure:5415: checking for stdint.h
configure:5415: gcc -std=gnu99 -c -Wall -Wmissing-prototypes -Wpointer-arith -m32 -O2 -pedantic -fomit-frame-pointer -mtune=corei7 -march=corei7  conftest.c >&5
configure:5415: $? = 0
configure:5415: result: yes
configure:5415: checking for unistd.h
configure:5415: gcc -std=gnu99 -c -Wall -Wmissing-prototypes -Wpointer-arith -m32 -O2 -pedantic -fomit-frame-pointer -mtune=corei7 -march=corei7  conftest.c >&5
configure:5415: $? = 0
configure:5415: result: yes
configure:5427: checking for size_t
configure:5427: gcc -std=gnu99 -c -Wall -Wmissing-prototypes -Wpointer-arith -m32 -O2 -pedantic -fomit-frame-pointer -mtune=corei7 -march=corei7  conftest.c >&5
configure:5427: $? = 0
configure:5427: gcc -std=gnu99 -c -Wall -Wmissing-prototypes -Wpointer-arith -m32 -O2 -pedantic -fomit-frame-pointer -mtune=corei7 -march=corei7  conftest.c >&5
conftest.c: In function 'main':
conftest.c:56:21: error: expected expression before ')' token
 if (sizeof ((size_t)))
                     ^
configure:5427: $? = 1
configure: failed program was:
| /* confdefs.h */
| #define PACKAGE_NAME "MPFR"
| #define PACKAGE_TARNAME "mpfr"
| #define PACKAGE_VERSION "3.1.2"
| #define PACKAGE_STRING "MPFR 3.1.2"
| #define PACKAGE_BUGREPORT ""
| #define PACKAGE_URL ""
| #define TIME_WITH_SYS_TIME 1
| #define STDC_HEADERS 1
| #define HAVE_SYS_TYPES_H 1
| #define HAVE_SYS_STAT_H 1
| #define HAVE_STDLIB_H 1
| #define HAVE_STRING_H 1
| #define HAVE_MEMORY_H 1
| #define HAVE_STRINGS_H 1
| #define HAVE_INTTYPES_H 1
| #define HAVE_STDINT_H 1
| #define HAVE_UNISTD_H 1
| /* end confdefs.h.  */
| #include <stdio.h>
| #ifdef HAVE_SYS_TYPES_H
| # include <sys/types.h>
| #endif
| #ifdef HAVE_SYS_STAT_H
| # include <sys/stat.h>
| #endif
| #ifdef STDC_HEADERS
| # include <stdlib.h>
| # include <stddef.h>
| #else
| # ifdef HAVE_STDLIB_H
| #  include <stdlib.h>
| # endif
| #endif
| #ifdef HAVE_STRING_H
| # if !defined STDC_HEADERS && defined HAVE_MEMORY_H
| #  include <memory.h>
| # endif
| # include <string.h>
| #endif
| #ifdef HAVE_STRINGS_H
| # include <strings.h>
| #endif
| #ifdef HAVE_INTTYPES_H
| # include <inttypes.h>
| #endif
| #ifdef HAVE_STDINT_H
| # include <stdint.h>
| #endif
| #ifdef HAVE_UNISTD_H
| # include <unistd.h>
| #endif
| int
| main ()
| {
| if (sizeof ((size_t)))
| 	    return 0;
|   ;
|   return 0;
| }
configure:5427: result: yes
configure:5444: checking limits.h usability
configure:5444: gcc -std=gnu99 -c -Wall -Wmissing-prototypes -Wpointer-arith -m32 -O2 -pedantic -fomit-frame-pointer -mtune=corei7 -march=corei7  conftest.c >&5
configure:5444: $? = 0
configure:5444: result: yes
configure:5444: checking limits.h presence
configure:5444: gcc -std=gnu99 -E  conftest.c
configure:5444: $? = 0
configure:5444: result: yes
configure:5444: checking for limits.h
configure:5444: result: yes
configure:5452: checking float.h usability
configure:5452: gcc -std=gnu99 -c -Wall -Wmissing-prototypes -Wpointer-arith -m32 -O2 -pedantic -fomit-frame-pointer -mtune=corei7 -march=corei7  conftest.c >&5
configure:5452: $? = 0
configure:5452: result: yes
configure:5452: checking float.h presence
configure:5452: gcc -std=gnu99 -E  conftest.c
configure:5452: $? = 0
configure:5452: result: yes
configure:5452: checking for float.h
configure:5452: result: yes
configure:5460: checking for string.h
configure:5460: result: yes
configure:5471: checking locale.h usability
configure:5471: gcc -std=gnu99 -c -Wall -Wmissing-prototypes -Wpointer-arith -m32 -O2 -pedantic -fomit-frame-pointer -mtune=corei7 -march=corei7  conftest.c >&5
configure:5471: $? = 0
configure:5471: result: yes
configure:5471: checking locale.h presence
configure:5471: gcc -std=gnu99 -E  conftest.c
configure:5471: $? = 0
configure:5471: result: yes
configure:5471: checking for locale.h
configure:5471: result: yes
configure:5484: checking wchar.h usability
configure:5484: gcc -std=gnu99 -c -Wall -Wmissing-prototypes -Wpointer-arith -m32 -O2 -pedantic -fomit-frame-pointer -mtune=corei7 -march=corei7  conftest.c >&5
configure:5484: $? = 0
configure:5484: result: yes
configure:5484: checking wchar.h presence
configure:5484: gcc -std=gnu99 -E  conftest.c
configure:5484: $? = 0
configure:5484: result: yes
configure:5484: checking for wchar.h
configure:5484: result: yes
configure:5495: checking stdarg.h usability
configure:5495: gcc -std=gnu99 -c -Wall -Wmissing-prototypes -Wpointer-arith -m32 -O2 -pedantic -fomit-frame-pointer -mtune=corei7 -march=corei7  conftest.c >&5
configure:5495: $? = 0
configure:5495: result: yes
configure:5495: checking stdarg.h presence
configure:5495: gcc -std=gnu99 -E  conftest.c
configure:5495: $? = 0
configure:5495: result: yes
configure:5495: checking for stdarg.h
configure:5495: result: yes
configure:5516: checking sys/time.h usability
configure:5516: gcc -std=gnu99 -c -Wall -Wmissing-prototypes -Wpointer-arith -m32 -O2 -pedantic -fomit-frame-pointer -mtune=corei7 -march=corei7  conftest.c >&5
configure:5516: $? = 0
configure:5516: result: yes
configure:5516: checking sys/time.h presence
configure:5516: gcc -std=gnu99 -E  conftest.c
configure:5516: $? = 0
configure:5516: result: yes
configure:5516: checking for sys/time.h
configure:5516: result: yes
configure:5516: checking sys/fpu.h usability
configure:5516: gcc -std=gnu99 -c -Wall -Wmissing-prototypes -Wpointer-arith -m32 -O2 -pedantic -fomit-frame-pointer -mtune=corei7 -march=corei7  conftest.c >&5
conftest.c:57:21: fatal error: sys/fpu.h: No such file or directory
 #include <sys/fpu.h>
                     ^
compilation terminated.
configure:5516: $? = 1
configure: failed program was:
| /* confdefs.h */
| #define PACKAGE_NAME "MPFR"
| #define PACKAGE_TARNAME "mpfr"
| #define PACKAGE_VERSION "3.1.2"
| #define PACKAGE_STRING "MPFR 3.1.2"
| #define PACKAGE_BUGREPORT ""
| #define PACKAGE_URL ""
| #define TIME_WITH_SYS_TIME 1
| #define STDC_HEADERS 1
| #define HAVE_SYS_TYPES_H 1
| #define HAVE_SYS_STAT_H 1
| #define HAVE_STDLIB_H 1
| #define HAVE_STRING_H 1
| #define HAVE_MEMORY_H 1
| #define HAVE_STRINGS_H 1
| #define HAVE_INTTYPES_H 1
| #define HAVE_STDINT_H 1
| #define HAVE_UNISTD_H 1
| #define HAVE_LOCALE_H 1
| #define HAVE_WCHAR_H 1
| #define HAVE_STDARG 1
| #define HAVE_SYS_TIME_H 1
| /* end confdefs.h.  */
| #include <stdio.h>
| #ifdef HAVE_SYS_TYPES_H
| # include <sys/types.h>
| #endif
| #ifdef HAVE_SYS_STAT_H
| # include <sys/stat.h>
| #endif
| #ifdef STDC_HEADERS
| # include <stdlib.h>
| # include <stddef.h>
| #else
| # ifdef HAVE_STDLIB_H
| #  include <stdlib.h>
| # endif
| #endif
| #ifdef HAVE_STRING_H
| # if !defined STDC_HEADERS && defined HAVE_MEMORY_H
| #  include <memory.h>
| # endif
| # include <string.h>
| #endif
| #ifdef HAVE_STRINGS_H
| # include <strings.h>
| #endif
| #ifdef HAVE_INTTYPES_H
| # include <inttypes.h>
| #endif
| #ifdef HAVE_STDINT_H
| # include <stdint.h>
| #endif
| #ifdef HAVE_UNISTD_H
| # include <unistd.h>
| #endif
| #include <sys/fpu.h>
configure:5516: result: no
configure:5516: checking sys/fpu.h presence
configure:5516: gcc -std=gnu99 -E  conftest.c
conftest.c:24:21: fatal error: sys/fpu.h: No such file or directory
 #include <sys/fpu.h>
                     ^
compilation terminated.
configure:5516: $? = 1
configure: failed program was:
| /* confdefs.h */
| #define PACKAGE_NAME "MPFR"
| #define PACKAGE_TARNAME "mpfr"
| #define PACKAGE_VERSION "3.1.2"
| #define PACKAGE_STRING "MPFR 3.1.2"
| #define PACKAGE_BUGREPORT ""
| #define PACKAGE_URL ""
| #define TIME_WITH_SYS_TIME 1
| #define STDC_HEADERS 1
| #define HAVE_SYS_TYPES_H 1
| #define HAVE_SYS_STAT_H 1
| #define HAVE_STDLIB_H 1
| #define HAVE_STRING_H 1
| #define HAVE_MEMORY_H 1
| #define HAVE_STRINGS_H 1
| #define HAVE_INTTYPES_H 1
| #define HAVE_STDINT_H 1
| #define HAVE_UNISTD_H 1
| #define HAVE_LOCALE_H 1
| #define HAVE_WCHAR_H 1
| #define HAVE_STDARG 1
| #define HAVE_SYS_TIME_H 1
| /* end confdefs.h.  */
| #include <sys/fpu.h>
configure:5516: result: no
configure:5516: checking for sys/fpu.h
configure:5516: result: no
configure:5529: checking for working alloca.h
configure:5546: gcc -std=gnu99 -o conftest.exe -Wall -Wmissing-prototypes -Wpointer-arith -m32 -O2 -pedantic -fomit-frame-pointer -mtune=corei7 -march=corei7   conftest.c  >&5
conftest.c:24:20: fatal error: alloca.h: No such file or directory
 #include <alloca.h>
                    ^
compilation terminated.
configure:5546: $? = 1
configure: failed program was:
| /* confdefs.h */
| #define PACKAGE_NAME "MPFR"
| #define PACKAGE_TARNAME "mpfr"
| #define PACKAGE_VERSION "3.1.2"
| #define PACKAGE_STRING "MPFR 3.1.2"
| #define PACKAGE_BUGREPORT ""
| #define PACKAGE_URL ""
| #define TIME_WITH_SYS_TIME 1
| #define STDC_HEADERS 1
| #define HAVE_SYS_TYPES_H 1
| #define HAVE_SYS_STAT_H 1
| #define HAVE_STDLIB_H 1
| #define HAVE_STRING_H 1
| #define HAVE_MEMORY_H 1
| #define HAVE_STRINGS_H 1
| #define HAVE_INTTYPES_H 1
| #define HAVE_STDINT_H 1
| #define HAVE_UNISTD_H 1
| #define HAVE_LOCALE_H 1
| #define HAVE_WCHAR_H 1
| #define HAVE_STDARG 1
| #define HAVE_SYS_TIME_H 1
| /* end confdefs.h.  */
| #include <alloca.h>
| int
| main ()
| {
| char *p = (char *) alloca (2 * sizeof (int));
| 			  if (p) return 0;
|   ;
|   return 0;
| }
configure:5554: result: no
configure:5562: checking for alloca
configure:5599: gcc -std=gnu99 -o conftest.exe -Wall -Wmissing-prototypes -Wpointer-arith -m32 -O2 -pedantic -fomit-frame-pointer -mtune=corei7 -march=corei7   conftest.c  >&5
configure:5599: $? = 0
configure:5607: result: yes
configure:5717: checking for stdint.h
configure:5717: result: yes
configure:5727: checking for SIZE_MAX
configure:5802: result: yes
configure:5813: checking how to copy va_list
configure:5831: gcc -std=gnu99 -o conftest.exe -Wall -Wmissing-prototypes -Wpointer-arith -m32 -O2 -pedantic -fomit-frame-pointer -mtune=corei7 -march=corei7   conftest.c  >&5
configure:5831: $? = 0
configure:5833: result: va_copy
configure:5872: checking for memmove
configure:5872: gcc -std=gnu99 -o conftest.exe -Wall -Wmissing-prototypes -Wpointer-arith -m32 -O2 -pedantic -fomit-frame-pointer -mtune=corei7 -march=corei7   conftest.c  >&5
conftest.c:50:6: warning: conflicting types for built-in function 'memmove' [enabled by default]
 char memmove ();
      ^
configure:5872: $? = 0
configure:5872: result: yes
configure:5872: checking for memset
configure:5872: gcc -std=gnu99 -o conftest.exe -Wall -Wmissing-prototypes -Wpointer-arith -m32 -O2 -pedantic -fomit-frame-pointer -mtune=corei7 -march=corei7   conftest.c  >&5
conftest.c:51:6: warning: conflicting types for built-in function 'memset' [enabled by default]
 char memset ();
      ^
configure:5872: $? = 0
configure:5872: result: yes
configure:5872: checking for setlocale
configure:5872: gcc -std=gnu99 -o conftest.exe -Wall -Wmissing-prototypes -Wpointer-arith -m32 -O2 -pedantic -fomit-frame-pointer -mtune=corei7 -march=corei7   conftest.c  >&5
configure:5872: $? = 0
configure:5872: result: yes
configure:5872: checking for strtol
configure:5872: gcc -std=gnu99 -o conftest.exe -Wall -Wmissing-prototypes -Wpointer-arith -m32 -O2 -pedantic -fomit-frame-pointer -mtune=corei7 -march=corei7   conftest.c  >&5
configure:5872: $? = 0
configure:5872: result: yes
configure:5872: checking for gettimeofday
configure:5872: gcc -std=gnu99 -o conftest.exe -Wall -Wmissing-prototypes -Wpointer-arith -m32 -O2 -pedantic -fomit-frame-pointer -mtune=corei7 -march=corei7   conftest.c  >&5
configure:5872: $? = 0
configure:5872: result: yes
configure:5925: checking for long long int
configure:5925: gcc -std=gnu99 -c -Wall -Wmissing-prototypes -Wpointer-arith -m32 -O2 -pedantic -fomit-frame-pointer -mtune=corei7 -march=corei7  conftest.c >&5
configure:5925: $? = 0
configure:5925: gcc -std=gnu99 -c -Wall -Wmissing-prototypes -Wpointer-arith -m32 -O2 -pedantic -fomit-frame-pointer -mtune=corei7 -march=corei7  conftest.c >&5
conftest.c: In function 'main':
conftest.c:68:28: error: expected expression before ')' token
 if (sizeof ((long long int)))
                            ^
configure:5925: $? = 1
configure: failed program was:
| /* confdefs.h */
| #define PACKAGE_NAME "MPFR"
| #define PACKAGE_TARNAME "mpfr"
| #define PACKAGE_VERSION "3.1.2"
| #define PACKAGE_STRING "MPFR 3.1.2"
| #define PACKAGE_BUGREPORT ""
| #define PACKAGE_URL ""
| #define TIME_WITH_SYS_TIME 1
| #define STDC_HEADERS 1
| #define HAVE_SYS_TYPES_H 1
| #define HAVE_SYS_STAT_H 1
| #define HAVE_STDLIB_H 1
| #define HAVE_STRING_H 1
| #define HAVE_MEMORY_H 1
| #define HAVE_STRINGS_H 1
| #define HAVE_INTTYPES_H 1
| #define HAVE_STDINT_H 1
| #define HAVE_UNISTD_H 1
| #define HAVE_LOCALE_H 1
| #define HAVE_WCHAR_H 1
| #define HAVE_STDARG 1
| #define HAVE_SYS_TIME_H 1
| #define HAVE_ALLOCA 1
| #define HAVE_STDINT_H 1
| #define HAVE_VA_COPY 1
| #define HAVE_MEMMOVE 1
| #define HAVE_MEMSET 1
| #define HAVE_SETLOCALE 1
| #define HAVE_STRTOL 1
| #define HAVE_GETTIMEOFDAY 1
| /* end confdefs.h.  */
| #include <stdio.h>
| #ifdef HAVE_SYS_TYPES_H
| # include <sys/types.h>
| #endif
| #ifdef HAVE_SYS_STAT_H
| # include <sys/stat.h>
| #endif
| #ifdef STDC_HEADERS
| # include <stdlib.h>
| # include <stddef.h>
| #else
| # ifdef HAVE_STDLIB_H
| #  include <stdlib.h>
| # endif
| #endif
| #ifdef HAVE_STRING_H
| # if !defined STDC_HEADERS && defined HAVE_MEMORY_H
| #  include <memory.h>
| # endif
| # include <string.h>
| #endif
| #ifdef HAVE_STRINGS_H
| # include <strings.h>
| #endif
| #ifdef HAVE_INTTYPES_H
| # include <inttypes.h>
| #endif
| #ifdef HAVE_STDINT_H
| # include <stdint.h>
| #endif
| #ifdef HAVE_UNISTD_H
| # include <unistd.h>
| #endif
| int
| main ()
| {
| if (sizeof ((long long int)))
| 	    return 0;
|   ;
|   return 0;
| }
configure:5925: result: yes
configure:5933: checking for intmax_t
configure:5933: gcc -std=gnu99 -c -Wall -Wmissing-prototypes -Wpointer-arith -m32 -O2 -pedantic -fomit-frame-pointer -mtune=corei7 -march=corei7  conftest.c >&5
configure:5933: $? = 0
configure:5933: gcc -std=gnu99 -c -Wall -Wmissing-prototypes -Wpointer-arith -m32 -O2 -pedantic -fomit-frame-pointer -mtune=corei7 -march=corei7  conftest.c >&5
conftest.c: In function 'main':
conftest.c:69:23: error: expected expression before ')' token
 if (sizeof ((intmax_t)))
                       ^
configure:5933: $? = 1
configure: failed program was:
| /* confdefs.h */
| #define PACKAGE_NAME "MPFR"
| #define PACKAGE_TARNAME "mpfr"
| #define PACKAGE_VERSION "3.1.2"
| #define PACKAGE_STRING "MPFR 3.1.2"
| #define PACKAGE_BUGREPORT ""
| #define PACKAGE_URL ""
| #define TIME_WITH_SYS_TIME 1
| #define STDC_HEADERS 1
| #define HAVE_SYS_TYPES_H 1
| #define HAVE_SYS_STAT_H 1
| #define HAVE_STDLIB_H 1
| #define HAVE_STRING_H 1
| #define HAVE_MEMORY_H 1
| #define HAVE_STRINGS_H 1
| #define HAVE_INTTYPES_H 1
| #define HAVE_STDINT_H 1
| #define HAVE_UNISTD_H 1
| #define HAVE_LOCALE_H 1
| #define HAVE_WCHAR_H 1
| #define HAVE_STDARG 1
| #define HAVE_SYS_TIME_H 1
| #define HAVE_ALLOCA 1
| #define HAVE_STDINT_H 1
| #define HAVE_VA_COPY 1
| #define HAVE_MEMMOVE 1
| #define HAVE_MEMSET 1
| #define HAVE_SETLOCALE 1
| #define HAVE_STRTOL 1
| #define HAVE_GETTIMEOFDAY 1
| #define HAVE_LONG_LONG 1
| /* end confdefs.h.  */
| #include <stdio.h>
| #ifdef HAVE_SYS_TYPES_H
| # include <sys/types.h>
| #endif
| #ifdef HAVE_SYS_STAT_H
| # include <sys/stat.h>
| #endif
| #ifdef STDC_HEADERS
| # include <stdlib.h>
| # include <stddef.h>
| #else
| # ifdef HAVE_STDLIB_H
| #  include <stdlib.h>
| # endif
| #endif
| #ifdef HAVE_STRING_H
| # if !defined STDC_HEADERS && defined HAVE_MEMORY_H
| #  include <memory.h>
| # endif
| # include <string.h>
| #endif
| #ifdef HAVE_STRINGS_H
| # include <strings.h>
| #endif
| #ifdef HAVE_INTTYPES_H
| # include <inttypes.h>
| #endif
| #ifdef HAVE_STDINT_H
| # include <stdint.h>
| #endif
| #ifdef HAVE_UNISTD_H
| # include <unistd.h>
| #endif
| int
| main ()
| {
| if (sizeof ((intmax_t)))
| 	    return 0;
|   ;
|   return 0;
| }
configure:5933: result: yes
configure:5944: checking for working INTMAX_MAX
configure:5963: gcc -std=gnu99 -c -Wall -Wmissing-prototypes -Wpointer-arith -m32 -O2 -pedantic -fomit-frame-pointer -mtune=corei7 -march=corei7  -I./src conftest.c >&5
conftest.c: In function 'main':
conftest.c:38:10: warning: unused variable 'x' [-Wunused-variable]
 intmax_t x = INTMAX_MAX;
          ^
configure:5963: $? = 0
configure:5972: result: yes
configure:5981: checking for union fpc_csr
configure:5981: gcc -std=gnu99 -c -Wall -Wmissing-prototypes -Wpointer-arith -m32 -O2 -pedantic -fomit-frame-pointer -mtune=corei7 -march=corei7  conftest.c >&5
conftest.c: In function 'main':
conftest.c:44:13: error: invalid application of 'sizeof' to incomplete type 'union fpc_csr'
 if (sizeof (union fpc_csr))
             ^
configure:5981: $? = 1
configure: failed program was:
| /* confdefs.h */
| #define PACKAGE_NAME "MPFR"
| #define PACKAGE_TARNAME "mpfr"
| #define PACKAGE_VERSION "3.1.2"
| #define PACKAGE_STRING "MPFR 3.1.2"
| #define PACKAGE_BUGREPORT ""
| #define PACKAGE_URL ""
| #define TIME_WITH_SYS_TIME 1
| #define STDC_HEADERS 1
| #define HAVE_SYS_TYPES_H 1
| #define HAVE_SYS_STAT_H 1
| #define HAVE_STDLIB_H 1
| #define HAVE_STRING_H 1
| #define HAVE_MEMORY_H 1
| #define HAVE_STRINGS_H 1
| #define HAVE_INTTYPES_H 1
| #define HAVE_STDINT_H 1
| #define HAVE_UNISTD_H 1
| #define HAVE_LOCALE_H 1
| #define HAVE_WCHAR_H 1
| #define HAVE_STDARG 1
| #define HAVE_SYS_TIME_H 1
| #define HAVE_ALLOCA 1
| #define HAVE_STDINT_H 1
| #define HAVE_VA_COPY 1
| #define HAVE_MEMMOVE 1
| #define HAVE_MEMSET 1
| #define HAVE_SETLOCALE 1
| #define HAVE_STRTOL 1
| #define HAVE_GETTIMEOFDAY 1
| #define HAVE_LONG_LONG 1
| #define HAVE_INTMAX_T 1
| #define MPFR_HAVE_INTMAX_MAX 1
| /* end confdefs.h.  */
| 
| #if HAVE_SYS_FPU_H
| #  include <sys/fpu.h>
| #endif
| 
| 
| int
| main ()
| {
| if (sizeof (union fpc_csr))
| 	 return 0;
|   ;
|   return 0;
| }
configure:5981: result: no
configure:5994: checking for fesetround
configure:6013: gcc -std=gnu99 -o conftest.exe -Wall -Wmissing-prototypes -Wpointer-arith -m32 -O2 -pedantic -fomit-frame-pointer -mtune=corei7 -march=corei7   conftest.c  -lm >&5
configure:6013: $? = 0
configure:6023: result: yes
configure:6032: checking for gcc float-conversion bug
configure:6072: gcc -std=gnu99 -o conftest.exe -Wall -Wmissing-prototypes -Wpointer-arith -m32 -O2 -pedantic -fomit-frame-pointer -mtune=corei7 -march=corei7   conftest.c  -lm >&5
configure:6072: $? = 0
configure:6072: ./conftest.exe
configure:6072: $? = 1
configure: program exited with status 1
configure: failed program was:
| /* confdefs.h */
| #define PACKAGE_NAME "MPFR"
| #define PACKAGE_TARNAME "mpfr"
| #define PACKAGE_VERSION "3.1.2"
| #define PACKAGE_STRING "MPFR 3.1.2"
| #define PACKAGE_BUGREPORT ""
| #define PACKAGE_URL ""
| #define TIME_WITH_SYS_TIME 1
| #define STDC_HEADERS 1
| #define HAVE_SYS_TYPES_H 1
| #define HAVE_SYS_STAT_H 1
| #define HAVE_STDLIB_H 1
| #define HAVE_STRING_H 1
| #define HAVE_MEMORY_H 1
| #define HAVE_STRINGS_H 1
| #define HAVE_INTTYPES_H 1
| #define HAVE_STDINT_H 1
| #define HAVE_UNISTD_H 1
| #define HAVE_LOCALE_H 1
| #define HAVE_WCHAR_H 1
| #define HAVE_STDARG 1
| #define HAVE_SYS_TIME_H 1
| #define HAVE_ALLOCA 1
| #define HAVE_STDINT_H 1
| #define HAVE_VA_COPY 1
| #define HAVE_MEMMOVE 1
| #define HAVE_MEMSET 1
| #define HAVE_SETLOCALE 1
| #define HAVE_STRTOL 1
| #define HAVE_GETTIMEOFDAY 1
| #define HAVE_LONG_LONG 1
| #define HAVE_INTMAX_T 1
| #define MPFR_HAVE_INTMAX_MAX 1
| #define MPFR_HAVE_FESETROUND 1
| /* end confdefs.h.  */
| 
| #include <float.h>
| #ifdef MPFR_HAVE_FESETROUND
| #include <fenv.h>
| #endif
| static double get_max (void);
| int main() {
|   double x = 0.5;
|   double y;
|   int i;
|   for (i = 1; i <= 11; i++)
|     x *= x;
|   if (x != 0)
|     return 1;
| #ifdef MPFR_HAVE_FESETROUND
|   /* Useful test for the G4 PowerPC */
|   fesetround(FE_TOWARDZERO);
|   x = y = get_max ();
|   x *= 2.0;
|   if (x != y)
|     return 1;
| #endif
|   return 0;
| }
| static double get_max (void) { static volatile double d = DBL_MAX; return d; }
| 
configure:6084: result: yes, use -ffloat-store
configure:6091: checking for denormalized numbers
configure:6112: gcc -std=gnu99 -o conftest.exe -Wall -Wmissing-prototypes -Wpointer-arith -m32 -O2 -pedantic -fomit-frame-pointer -mtune=corei7 -march=corei7 -ffloat-store   conftest.c  >&5
configure:6112: $? = 0
configure:6112: ./conftest.exe
1.112537e-308
configure:6112: $? = 0
configure:6123: result: yes
configure:6131: checking if the FP division by 0 fails
configure:6151: gcc -std=gnu99 -o conftest.exe -Wall -Wmissing-prototypes -Wpointer-arith -m32 -O2 -pedantic -fomit-frame-pointer -mtune=corei7 -march=corei7 -ffloat-store   conftest.c  >&5
conftest.c: In function 'main':
conftest.c:39:28: warning: variable 'x' set but not used [-Wunused-but-set-variable]
   volatile double d = 0.0, x;
                            ^
configure:6151: $? = 0
configure:6151: ./conftest.exe
configure:6151: $? = 0
configure:6162: result: no
configure:6176: checking if NAN == NAN
configure:6200: gcc -std=gnu99 -o conftest.exe -Wall -Wmissing-prototypes -Wpointer-arith -m32 -O2 -pedantic -fomit-frame-pointer -mtune=corei7 -march=corei7 -ffloat-store   conftest.c  >&5
configure:6200: $? = 0
configure:6200: ./conftest.exe
configure:6200: $? = 1
configure: program exited with status 1
configure: failed program was:
| /* confdefs.h */
| #define PACKAGE_NAME "MPFR"
| #define PACKAGE_TARNAME "mpfr"
| #define PACKAGE_VERSION "3.1.2"
| #define PACKAGE_STRING "MPFR 3.1.2"
| #define PACKAGE_BUGREPORT ""
| #define PACKAGE_URL ""
| #define TIME_WITH_SYS_TIME 1
| #define STDC_HEADERS 1
| #define HAVE_SYS_TYPES_H 1
| #define HAVE_SYS_STAT_H 1
| #define HAVE_STDLIB_H 1
| #define HAVE_STRING_H 1
| #define HAVE_MEMORY_H 1
| #define HAVE_STRINGS_H 1
| #define HAVE_INTTYPES_H 1
| #define HAVE_STDINT_H 1
| #define HAVE_UNISTD_H 1
| #define HAVE_LOCALE_H 1
| #define HAVE_WCHAR_H 1
| #define HAVE_STDARG 1
| #define HAVE_SYS_TIME_H 1
| #define HAVE_ALLOCA 1
| #define HAVE_STDINT_H 1
| #define HAVE_VA_COPY 1
| #define HAVE_MEMMOVE 1
| #define HAVE_MEMSET 1
| #define HAVE_SETLOCALE 1
| #define HAVE_STRTOL 1
| #define HAVE_GETTIMEOFDAY 1
| #define HAVE_LONG_LONG 1
| #define HAVE_INTMAX_T 1
| #define MPFR_HAVE_INTMAX_MAX 1
| #define MPFR_HAVE_FESETROUND 1
| #define HAVE_DENORMS 1
| /* end confdefs.h.  */
| 
| #include <stdio.h>
| #include <math.h>
| #ifndef NAN
| # define NAN (0.0/0.0)
| #endif
| int main() {
|   double d;
|   d = NAN;
|   return d != d;
| }
| 
configure:6211: result: no
configure:6239: checking if charset has consecutive values
configure:6269: gcc -std=gnu99 -o conftest.exe -Wall -Wmissing-prototypes -Wpointer-arith -m32 -O2 -pedantic -fomit-frame-pointer -mtune=corei7 -march=corei7 -ffloat-store   conftest.c  >&5
configure:6269: $? = 0
configure:6269: ./conftest.exe
configure:6269: $? = 0
configure:6270: result: yes
configure:6288: checking for math/round
configure:6308: gcc -std=gnu99 -o conftest.exe -Wall -Wmissing-prototypes -Wpointer-arith -m32 -O2 -pedantic -fomit-frame-pointer -mtune=corei7 -march=corei7 -ffloat-store   conftest.c  -lm >&5
conftest.c:39:5: warning: no previous prototype for 'f' [-Wmissing-prototypes]
 int f (double (*func)(double)) { return 0;}
     ^
conftest.c: In function 'main':
conftest.c:45:9: warning: variable 'a' set but not used [-Wunused-but-set-variable]
  double a = 17.42;
         ^
configure:6308: $? = 0
configure:6310: result: yes
configure:6323: checking for math/trunc
configure:6343: gcc -std=gnu99 -o conftest.exe -Wall -Wmissing-prototypes -Wpointer-arith -m32 -O2 -pedantic -fomit-frame-pointer -mtune=corei7 -march=corei7 -ffloat-store   conftest.c  -lm >&5
conftest.c:40:5: warning: no previous prototype for 'f' [-Wmissing-prototypes]
 int f (double (*func)(double)) { return 0;}
     ^
conftest.c: In function 'main':
conftest.c:46:9: warning: variable 'a' set but not used [-Wunused-but-set-variable]
  double a = 17.42;
         ^
configure:6343: $? = 0
configure:6345: result: yes
configure:6358: checking for math/floor
configure:6378: gcc -std=gnu99 -o conftest.exe -Wall -Wmissing-prototypes -Wpointer-arith -m32 -O2 -pedantic -fomit-frame-pointer -mtune=corei7 -march=corei7 -ffloat-store   conftest.c  -lm >&5
conftest.c:41:5: warning: no previous prototype for 'f' [-Wmissing-prototypes]
 int f (double (*func)(double)) { return 0;}
     ^
conftest.c: In function 'main':
conftest.c:47:9: warning: variable 'a' set but not used [-Wunused-but-set-variable]
  double a = 17.42;
         ^
configure:6378: $? = 0
configure:6380: result: yes
configure:6393: checking for math/ceil
configure:6413: gcc -std=gnu99 -o conftest.exe -Wall -Wmissing-prototypes -Wpointer-arith -m32 -O2 -pedantic -fomit-frame-pointer -mtune=corei7 -march=corei7 -ffloat-store   conftest.c  -lm >&5
conftest.c:42:5: warning: no previous prototype for 'f' [-Wmissing-prototypes]
 int f (double (*func)(double)) { return 0;}
     ^
conftest.c: In function 'main':
conftest.c:48:9: warning: variable 'a' set but not used [-Wunused-but-set-variable]
  double a = 17.42;
         ^
configure:6413: $? = 0
configure:6415: result: yes
configure:6428: checking for math/rint
configure:6448: gcc -std=gnu99 -o conftest.exe -Wall -Wmissing-prototypes -Wpointer-arith -m32 -O2 -pedantic -fomit-frame-pointer -mtune=corei7 -march=corei7 -ffloat-store   conftest.c  -lm >&5
conftest.c:43:5: warning: no previous prototype for 'f' [-Wmissing-prototypes]
 int f (double (*func)(double)) { return 0;}
     ^
conftest.c: In function 'main':
conftest.c:49:9: warning: variable 'a' set but not used [-Wunused-but-set-variable]
  double a = 17.42;
         ^
configure:6448: $? = 0
configure:6450: result: yes
configure:6468: checking for long double
configure:6468: gcc -std=gnu99 -c -Wall -Wmissing-prototypes -Wpointer-arith -m32 -O2 -pedantic -fomit-frame-pointer -mtune=corei7 -march=corei7 -ffloat-store  conftest.c >&5
configure:6468: $? = 0
configure:6468: gcc -std=gnu99 -c -Wall -Wmissing-prototypes -Wpointer-arith -m32 -O2 -pedantic -fomit-frame-pointer -mtune=corei7 -march=corei7 -ffloat-store  conftest.c >&5
conftest.c: In function 'main':
conftest.c:78:26: error: expected expression before ')' token
 if (sizeof ((long double)))
                          ^
configure:6468: $? = 1
configure: failed program was:
| /* confdefs.h */
| #define PACKAGE_NAME "MPFR"
| #define PACKAGE_TARNAME "mpfr"
| #define PACKAGE_VERSION "3.1.2"
| #define PACKAGE_STRING "MPFR 3.1.2"
| #define PACKAGE_BUGREPORT ""
| #define PACKAGE_URL ""
| #define TIME_WITH_SYS_TIME 1
| #define STDC_HEADERS 1
| #define HAVE_SYS_TYPES_H 1
| #define HAVE_SYS_STAT_H 1
| #define HAVE_STDLIB_H 1
| #define HAVE_STRING_H 1
| #define HAVE_MEMORY_H 1
| #define HAVE_STRINGS_H 1
| #define HAVE_INTTYPES_H 1
| #define HAVE_STDINT_H 1
| #define HAVE_UNISTD_H 1
| #define HAVE_LOCALE_H 1
| #define HAVE_WCHAR_H 1
| #define HAVE_STDARG 1
| #define HAVE_SYS_TIME_H 1
| #define HAVE_ALLOCA 1
| #define HAVE_STDINT_H 1
| #define HAVE_VA_COPY 1
| #define HAVE_MEMMOVE 1
| #define HAVE_MEMSET 1
| #define HAVE_SETLOCALE 1
| #define HAVE_STRTOL 1
| #define HAVE_GETTIMEOFDAY 1
| #define HAVE_LONG_LONG 1
| #define HAVE_INTMAX_T 1
| #define MPFR_HAVE_INTMAX_MAX 1
| #define MPFR_HAVE_FESETROUND 1
| #define HAVE_DENORMS 1
| #define HAVE_ROUND 1
| #define HAVE_TRUNC 1
| #define HAVE_FLOOR 1
| #define HAVE_CEIL 1
| #define HAVE_NEARBYINT 1
| /* end confdefs.h.  */
| #include <stdio.h>
| #ifdef HAVE_SYS_TYPES_H
| # include <sys/types.h>
| #endif
| #ifdef HAVE_SYS_STAT_H
| # include <sys/stat.h>
| #endif
| #ifdef STDC_HEADERS
| # include <stdlib.h>
| # include <stddef.h>
| #else
| # ifdef HAVE_STDLIB_H
| #  include <stdlib.h>
| # endif
| #endif
| #ifdef HAVE_STRING_H
| # if !defined STDC_HEADERS && defined HAVE_MEMORY_H
| #  include <memory.h>
| # endif
| # include <string.h>
| #endif
| #ifdef HAVE_STRINGS_H
| # include <strings.h>
| #endif
| #ifdef HAVE_INTTYPES_H
| # include <inttypes.h>
| #endif
| #ifdef HAVE_STDINT_H
| # include <stdint.h>
| #endif
| #ifdef HAVE_UNISTD_H
| # include <unistd.h>
| #endif
| int
| main ()
| {
| if (sizeof ((long double)))
| 	    return 0;
|   ;
|   return 0;
| }
configure:6468: result: yes
configure:6478: checking format of `long double' floating point
configure:6505: gcc -std=gnu99 -Wall -Wmissing-prototypes -Wpointer-arith -m32 -O2 -pedantic -fomit-frame-pointer -mtune=corei7 -march=corei7 -ffloat-store  -c conftest.c >&5 2>&1
configure:6508: $? = 0
configure:6780: result: IEEE extended, little endian
configure:6825: checking for TLS support
configure:6853: gcc -std=gnu99 -o conftest.exe -Wall -Wmissing-prototypes -Wpointer-arith -m32 -O2 -pedantic -fomit-frame-pointer -mtune=corei7 -march=corei7 -ffloat-store  -I./src  conftest.c  >&5
configure:6853: $? = 0
configure:6853: ./conftest.exe
configure:6853: $? = 0
configure:6854: result: yes
configure:6882: checking for library containing clock_gettime
configure:6913: gcc -std=gnu99 -o conftest.exe -Wall -Wmissing-prototypes -Wpointer-arith -m32 -O2 -pedantic -fomit-frame-pointer -mtune=corei7 -march=corei7 -ffloat-store   conftest.c  >&5
C:\Users\yll12\AppData\Local\Temp\ccgFae4P.o:conftest.c:(.text.startup+0xc): undefined reference to `clock_gettime'
collect2.exe: error: ld returned 1 exit status
configure:6913: $? = 1
configure: failed program was:
| /* confdefs.h */
| #define PACKAGE_NAME "MPFR"
| #define PACKAGE_TARNAME "mpfr"
| #define PACKAGE_VERSION "3.1.2"
| #define PACKAGE_STRING "MPFR 3.1.2"
| #define PACKAGE_BUGREPORT ""
| #define PACKAGE_URL ""
| #define TIME_WITH_SYS_TIME 1
| #define STDC_HEADERS 1
| #define HAVE_SYS_TYPES_H 1
| #define HAVE_SYS_STAT_H 1
| #define HAVE_STDLIB_H 1
| #define HAVE_STRING_H 1
| #define HAVE_MEMORY_H 1
| #define HAVE_STRINGS_H 1
| #define HAVE_INTTYPES_H 1
| #define HAVE_STDINT_H 1
| #define HAVE_UNISTD_H 1
| #define HAVE_LOCALE_H 1
| #define HAVE_WCHAR_H 1
| #define HAVE_STDARG 1
| #define HAVE_SYS_TIME_H 1
| #define HAVE_ALLOCA 1
| #define HAVE_STDINT_H 1
| #define HAVE_VA_COPY 1
| #define HAVE_MEMMOVE 1
| #define HAVE_MEMSET 1
| #define HAVE_SETLOCALE 1
| #define HAVE_STRTOL 1
| #define HAVE_GETTIMEOFDAY 1
| #define HAVE_LONG_LONG 1
| #define HAVE_INTMAX_T 1
| #define MPFR_HAVE_INTMAX_MAX 1
| #define MPFR_HAVE_FESETROUND 1
| #define HAVE_DENORMS 1
| #define HAVE_ROUND 1
| #define HAVE_TRUNC 1
| #define HAVE_FLOOR 1
| #define HAVE_CEIL 1
| #define HAVE_NEARBYINT 1
| #define HAVE_LONG_DOUBLE 1
| #define HAVE_LDOUBLE_IEEE_EXT_LITTLE 1
| #define MPFR_USE_THREAD_SAFE 1
| /* end confdefs.h.  */
| 
| /* Override any GCC internal prototype to avoid an error.
|    Use char because int might match the return type of a GCC
|    builtin and then its argument prototype would still apply.  */
| #ifdef __cplusplus
| extern "C"
| #endif
| char clock_gettime ();
| int
| main ()
| {
| return clock_gettime ();
|   ;
|   return 0;
| }
configure:6913: gcc -std=gnu99 -o conftest.exe -Wall -Wmissing-prototypes -Wpointer-arith -m32 -O2 -pedantic -fomit-frame-pointer -mtune=corei7 -march=corei7 -ffloat-store   conftest.c -lrt   >&5
c:/mingw/bin/../lib/gcc/mingw32/4.8.1/../../../../mingw32/bin/ld.exe: cannot find -lrt
collect2.exe: error: ld returned 1 exit status
configure:6913: $? = 1
configure: failed program was:
| /* confdefs.h */
| #define PACKAGE_NAME "MPFR"
| #define PACKAGE_TARNAME "mpfr"
| #define PACKAGE_VERSION "3.1.2"
| #define PACKAGE_STRING "MPFR 3.1.2"
| #define PACKAGE_BUGREPORT ""
| #define PACKAGE_URL ""
| #define TIME_WITH_SYS_TIME 1
| #define STDC_HEADERS 1
| #define HAVE_SYS_TYPES_H 1
| #define HAVE_SYS_STAT_H 1
| #define HAVE_STDLIB_H 1
| #define HAVE_STRING_H 1
| #define HAVE_MEMORY_H 1
| #define HAVE_STRINGS_H 1
| #define HAVE_INTTYPES_H 1
| #define HAVE_STDINT_H 1
| #define HAVE_UNISTD_H 1
| #define HAVE_LOCALE_H 1
| #define HAVE_WCHAR_H 1
| #define HAVE_STDARG 1
| #define HAVE_SYS_TIME_H 1
| #define HAVE_ALLOCA 1
| #define HAVE_STDINT_H 1
| #define HAVE_VA_COPY 1
| #define HAVE_MEMMOVE 1
| #define HAVE_MEMSET 1
| #define HAVE_SETLOCALE 1
| #define HAVE_STRTOL 1
| #define HAVE_GETTIMEOFDAY 1
| #define HAVE_LONG_LONG 1
| #define HAVE_INTMAX_T 1
| #define MPFR_HAVE_INTMAX_MAX 1
| #define MPFR_HAVE_FESETROUND 1
| #define HAVE_DENORMS 1
| #define HAVE_ROUND 1
| #define HAVE_TRUNC 1
| #define HAVE_FLOOR 1
| #define HAVE_CEIL 1
| #define HAVE_NEARBYINT 1
| #define HAVE_LONG_DOUBLE 1
| #define HAVE_LDOUBLE_IEEE_EXT_LITTLE 1
| #define MPFR_USE_THREAD_SAFE 1
| /* end confdefs.h.  */
| 
| /* Override any GCC internal prototype to avoid an error.
|    Use char because int might match the return type of a GCC
|    builtin and then its argument prototype would still apply.  */
| #ifdef __cplusplus
| extern "C"
| #endif
| char clock_gettime ();
| int
| main ()
| {
| return clock_gettime ();
|   ;
|   return 0;
| }
configure:6930: result: no
configure:6946: checking for gmp.h
configure:6954: gcc -std=gnu99 -c -Wall -Wmissing-prototypes -Wpointer-arith -m32 -O2 -pedantic -fomit-frame-pointer -mtune=corei7 -march=corei7 -ffloat-store  conftest.c >&5
configure:6954: $? = 0
configure:6955: result: yes
configure:7015: checking for as
configure:7031: found /c/MinGW/bin/as
configure:7042: result: as
configure:7107: checking for dlltool
configure:7123: found /c/MinGW/bin/dlltool
configure:7134: result: dlltool
configure:7199: checking for objdump
configure:7215: found /c/MinGW/bin/objdump
configure:7226: result: objdump
configure:7273: checking for DLL/static GMP
configure:7324: gcc -std=gnu99 -c -Wall -Wmissing-prototypes -Wpointer-arith -m32 -O2 -pedantic -fomit-frame-pointer -mtune=corei7 -march=corei7 -ffloat-store  conftest.c >&5
configure:7324: $? = 0
configure:7325: result: static
configure:7383: checking how to print strings
configure:7410: result: printf
configure:7431: checking for a sed that does not truncate output
configure:7495: result: /bin/sed
configure:7513: checking for fgrep
configure:7575: result: /bin/grep -F
configure:7610: checking for ld used by gcc -std=gnu99
configure:7677: result: c:/mingw/mingw32/bin/ld.exe
configure:7684: checking if the linker (c:/mingw/mingw32/bin/ld.exe) is GNU ld
configure:7699: result: yes
configure:7711: checking for BSD- or MS-compatible name lister (nm)
configure:7760: result: /c/MinGW/bin/nm
configure:7890: checking the name lister (/c/MinGW/bin/nm) interface
configure:7897: gcc -std=gnu99 -c -Wall -Wmissing-prototypes -Wpointer-arith -m32 -O2 -pedantic -fomit-frame-pointer -mtune=corei7 -march=corei7 -ffloat-store  conftest.c >&5
configure:7900: /c/MinGW/bin/nm "conftest.o"
configure:7903: output
00000000 b .bss
00000000 d .data
00000000 r .rdata$zzz
00000000 t .text
00000000 B _some_variable
configure:7910: result: BSD nm
configure:7913: checking whether ln -s works
configure:7920: result: no, using cp -pR
configure:7925: checking the maximum length of command line arguments
configure:8056: result: 8192
configure:8073: checking whether the shell understands some XSI constructs
configure:8083: result: yes
configure:8087: checking whether the shell understands "+="
configure:8093: result: yes
configure:8128: checking how to convert i686-pc-mingw32 file names to i686-pc-mingw32 format
configure:8168: result: func_convert_file_msys_to_w32
configure:8175: checking how to convert i686-pc-mingw32 file names to toolchain format
configure:8195: result: func_convert_file_msys_to_w32
configure:8202: checking for c:/mingw/mingw32/bin/ld.exe option to reload object files
configure:8209: result: -r
configure:8283: checking for objdump
configure:8310: result: objdump
configure:8339: checking how to recognize dependent libraries
configure:8537: result: file_magic ^x86 archive import|^x86 DLL
configure:8622: checking for dlltool
configure:8649: result: dlltool
configure:8679: checking how to associate runtime and link libraries
configure:8706: result: func_cygming_dll_for_implib
configure:8766: checking for ar
configure:8782: found /c/MinGW/bin/ar
configure:8793: result: ar
configure:8830: checking for archiver @FILE support
configure:8847: gcc -std=gnu99 -c -Wall -Wmissing-prototypes -Wpointer-arith -m32 -O2 -pedantic -fomit-frame-pointer -mtune=corei7 -march=corei7 -ffloat-store  conftest.c >&5
configure:8847: $? = 0
configure:8850: ar cru libconftest.a @conftest.lst >&5
configure:8853: $? = 0
configure:8858: ar cru libconftest.a @conftest.lst >&5
c:\MinGW\bin\ar.exe: conftest.o: No such file or directory
configure:8861: $? = 1
configure:8873: result: @
configure:8931: checking for strip
configure:8947: found /c/MinGW/bin/strip
configure:8958: result: strip
configure:9030: checking for ranlib
configure:9046: found /c/MinGW/bin/ranlib
configure:9057: result: ranlib
configure:9159: checking command to parse /c/MinGW/bin/nm output from gcc -std=gnu99 object
configure:9279: gcc -std=gnu99 -c -Wall -Wmissing-prototypes -Wpointer-arith -m32 -O2 -pedantic -fomit-frame-pointer -mtune=corei7 -march=corei7 -ffloat-store  conftest.c >&5
configure:9282: $? = 0
configure:9286: /c/MinGW/bin/nm conftest.o \| sed -n -e 's/^.*[ ]\([ABCDGIRSTW][ABCDGIRSTW]*\)[ ][ ]*\([_A-Za-z][_A-Za-z0-9]*\)\{0,1\}$/\1 \2 \2/p' | sed '/ __gnu_lto/d' \> conftest.nm
configure:9289: $? = 0
cannot find nm_test_var in conftest.nm
configure:9279: gcc -std=gnu99 -c -Wall -Wmissing-prototypes -Wpointer-arith -m32 -O2 -pedantic -fomit-frame-pointer -mtune=corei7 -march=corei7 -ffloat-store  conftest.c >&5
configure:9282: $? = 0
configure:9286: /c/MinGW/bin/nm conftest.o \| sed -n -e 's/^.*[ ]\([ABCDGIRSTW][ABCDGIRSTW]*\)[ ][ ]*_\([_A-Za-z][_A-Za-z0-9]*\)\{0,1\}$/\1 _\2 \2/p' | sed '/ __gnu_lto/d' \> conftest.nm
configure:9289: $? = 0
configure:9355: gcc -std=gnu99 -o conftest.exe -Wall -Wmissing-prototypes -Wpointer-arith -m32 -O2 -pedantic -fomit-frame-pointer -mtune=corei7 -march=corei7 -ffloat-store   conftest.c conftstm.o >&5
conftest.c:29:20: warning: ISO C forbids conversion of function pointer to object pointer type [-Wpedantic]
   {"nm_test_func", (void *) &nm_test_func},
                    ^
configure:9358: $? = 0
configure:9396: result: ok
configure:9433: checking for sysroot
configure:9463: result: no
configure:9726: checking for mt
configure:9756: result: no
configure:9776: checking if : is a manifest tool
configure:9782: : '-?'
configure:9790: result: no
configure:10429: checking for dlfcn.h
configure:10429: gcc -std=gnu99 -c -Wall -Wmissing-prototypes -Wpointer-arith -m32 -O2 -pedantic -fomit-frame-pointer -mtune=corei7 -march=corei7 -ffloat-store  conftest.c >&5
conftest.c:79:19: fatal error: dlfcn.h: No such file or directory
 #include <dlfcn.h>
                   ^
compilation terminated.
configure:10429: $? = 1
configure: failed program was:
| /* confdefs.h */
| #define PACKAGE_NAME "MPFR"
| #define PACKAGE_TARNAME "mpfr"
| #define PACKAGE_VERSION "3.1.2"
| #define PACKAGE_STRING "MPFR 3.1.2"
| #define PACKAGE_BUGREPORT ""
| #define PACKAGE_URL ""
| #define TIME_WITH_SYS_TIME 1
| #define STDC_HEADERS 1
| #define HAVE_SYS_TYPES_H 1
| #define HAVE_SYS_STAT_H 1
| #define HAVE_STDLIB_H 1
| #define HAVE_STRING_H 1
| #define HAVE_MEMORY_H 1
| #define HAVE_STRINGS_H 1
| #define HAVE_INTTYPES_H 1
| #define HAVE_STDINT_H 1
| #define HAVE_UNISTD_H 1
| #define HAVE_LOCALE_H 1
| #define HAVE_WCHAR_H 1
| #define HAVE_STDARG 1
| #define HAVE_SYS_TIME_H 1
| #define HAVE_ALLOCA 1
| #define HAVE_STDINT_H 1
| #define HAVE_VA_COPY 1
| #define HAVE_MEMMOVE 1
| #define HAVE_MEMSET 1
| #define HAVE_SETLOCALE 1
| #define HAVE_STRTOL 1
| #define HAVE_GETTIMEOFDAY 1
| #define HAVE_LONG_LONG 1
| #define HAVE_INTMAX_T 1
| #define MPFR_HAVE_INTMAX_MAX 1
| #define MPFR_HAVE_FESETROUND 1
| #define HAVE_DENORMS 1
| #define HAVE_ROUND 1
| #define HAVE_TRUNC 1
| #define HAVE_FLOOR 1
| #define HAVE_CEIL 1
| #define HAVE_NEARBYINT 1
| #define HAVE_LONG_DOUBLE 1
| #define HAVE_LDOUBLE_IEEE_EXT_LITTLE 1
| #define MPFR_USE_THREAD_SAFE 1
| /* end confdefs.h.  */
| #include <stdio.h>
| #ifdef HAVE_SYS_TYPES_H
| # include <sys/types.h>
| #endif
| #ifdef HAVE_SYS_STAT_H
| # include <sys/stat.h>
| #endif
| #ifdef STDC_HEADERS
| # include <stdlib.h>
| # include <stddef.h>
| #else
| # ifdef HAVE_STDLIB_H
| #  include <stdlib.h>
| # endif
| #endif
| #ifdef HAVE_STRING_H
| # if !defined STDC_HEADERS && defined HAVE_MEMORY_H
| #  include <memory.h>
| # endif
| # include <string.h>
| #endif
| #ifdef HAVE_STRINGS_H
| # include <strings.h>
| #endif
| #ifdef HAVE_INTTYPES_H
| # include <inttypes.h>
| #endif
| #ifdef HAVE_STDINT_H
| # include <stdint.h>
| #endif
| #ifdef HAVE_UNISTD_H
| # include <unistd.h>
| #endif
| 
| #include <dlfcn.h>
configure:10429: result: no
configure:10633: checking for objdir
configure:10648: result: .libs
configure:10919: checking if gcc -std=gnu99 supports -fno-rtti -fno-exceptions
configure:10937: gcc -std=gnu99 -c -Wall -Wmissing-prototypes -Wpointer-arith -m32 -O2 -pedantic -fomit-frame-pointer -mtune=corei7 -march=corei7 -ffloat-store  -fno-rtti -fno-exceptions conftest.c >&5
cc1.exe: warning: command line option '-fno-rtti' is valid for C++/ObjC++ but not for C [enabled by default]
configure:10941: $? = 0
configure:10954: result: no
configure:11289: checking for gcc -std=gnu99 option to produce PIC
configure:11296: result: -DDLL_EXPORT -DPIC
configure:11304: checking if gcc -std=gnu99 PIC flag -DDLL_EXPORT -DPIC works
configure:11322: gcc -std=gnu99 -c -Wall -Wmissing-prototypes -Wpointer-arith -m32 -O2 -pedantic -fomit-frame-pointer -mtune=corei7 -march=corei7 -ffloat-store  -DDLL_EXPORT -DPIC -DPIC conftest.c >&5
configure:11326: $? = 0
configure:11339: result: yes
configure:11368: checking if gcc -std=gnu99 static flag -static works
configure:11396: result: yes
configure:11411: checking if gcc -std=gnu99 supports -c -o file.o
configure:11432: gcc -std=gnu99 -c -Wall -Wmissing-prototypes -Wpointer-arith -m32 -O2 -pedantic -fomit-frame-pointer -mtune=corei7 -march=corei7 -ffloat-store  -o out/conftest2.o conftest.c >&5
configure:11436: $? = 0
configure:11458: result: yes
configure:11466: checking if gcc -std=gnu99 supports -c -o file.o
configure:11513: result: yes
configure:11546: checking whether the gcc -std=gnu99 linker (c:/mingw/mingw32/bin/ld.exe) supports shared libraries
configure:12703: result: yes
configure:12740: checking whether -lc should be explicitly linked in
configure:12748: gcc -std=gnu99 -c -Wall -Wmissing-prototypes -Wpointer-arith -m32 -O2 -pedantic -fomit-frame-pointer -mtune=corei7 -march=corei7 -ffloat-store  conftest.c >&5
configure:12751: $? = 0
configure:12766: gcc -std=gnu99 -shared conftest.o  -v -o ./conftest -Wl,--enable-auto-image-base -Xlinker --out-implib -Xlinker conftest 2\>\&1 \| /bin/grep  -lc  \>/dev/null 2\>\&1
configure:12769: $? = 1
configure:12783: result: yes
configure:12943: checking dynamic linker characteristics
configure:13677: result: Win32 ld.exe
configure:13784: checking how to hardcode library paths into programs
configure:13809: result: immediate
configure:14349: checking whether stripping libraries is possible
configure:14354: result: yes
configure:14389: checking if libtool supports shared libraries
configure:14391: result: yes
configure:14394: checking whether to build shared libraries
configure:14415: result: yes
configure:14418: checking whether to build static libraries
configure:14422: result: yes
configure:14462: checking whether gcc __attribute__ ((mode (XX))) works
configure:14478: gcc -std=gnu99 -c -Wall -Wmissing-prototypes -Wpointer-arith -m32 -O2 -pedantic -fomit-frame-pointer -mtune=corei7 -march=corei7 -ffloat-store  conftest.c >&5
configure:14478: $? = 0
configure:14486: result: yes
configure:14497: checking for recent GMP
configure:14509: gcc -std=gnu99 -c -Wall -Wmissing-prototypes -Wpointer-arith -m32 -O2 -pedantic -fomit-frame-pointer -mtune=corei7 -march=corei7 -ffloat-store  conftest.c >&5
configure:14509: $? = 0
configure:14510: result: yes
configure:14594: checking for __gmpz_init in -lgmp
configure:14619: gcc -std=gnu99 -o conftest.exe -Wall -Wmissing-prototypes -Wpointer-arith -m32 -O2 -pedantic -fomit-frame-pointer -mtune=corei7 -march=corei7 -ffloat-store   conftest.c -lgmp   >&5
c:/mingw/bin/../lib/gcc/mingw32/4.8.1/../../../../mingw32/bin/ld.exe: cannot find -lgmp
collect2.exe: error: ld returned 1 exit status
configure:14619: $? = 1
configure: failed program was:
| /* confdefs.h */
| #define PACKAGE_NAME "MPFR"
| #define PACKAGE_TARNAME "mpfr"
| #define PACKAGE_VERSION "3.1.2"
| #define PACKAGE_STRING "MPFR 3.1.2"
| #define PACKAGE_BUGREPORT ""
| #define PACKAGE_URL ""
| #define TIME_WITH_SYS_TIME 1
| #define STDC_HEADERS 1
| #define HAVE_SYS_TYPES_H 1
| #define HAVE_SYS_STAT_H 1
| #define HAVE_STDLIB_H 1
| #define HAVE_STRING_H 1
| #define HAVE_MEMORY_H 1
| #define HAVE_STRINGS_H 1
| #define HAVE_INTTYPES_H 1
| #define HAVE_STDINT_H 1
| #define HAVE_UNISTD_H 1
| #define HAVE_LOCALE_H 1
| #define HAVE_WCHAR_H 1
| #define HAVE_STDARG 1
| #define HAVE_SYS_TIME_H 1
| #define HAVE_ALLOCA 1
| #define HAVE_STDINT_H 1
| #define HAVE_VA_COPY 1
| #define HAVE_MEMMOVE 1
| #define HAVE_MEMSET 1
| #define HAVE_SETLOCALE 1
| #define HAVE_STRTOL 1
| #define HAVE_GETTIMEOFDAY 1
| #define HAVE_LONG_LONG 1
| #define HAVE_INTMAX_T 1
| #define MPFR_HAVE_INTMAX_MAX 1
| #define MPFR_HAVE_FESETROUND 1
| #define HAVE_DENORMS 1
| #define HAVE_ROUND 1
| #define HAVE_TRUNC 1
| #define HAVE_FLOOR 1
| #define HAVE_CEIL 1
| #define HAVE_NEARBYINT 1
| #define HAVE_LONG_DOUBLE 1
| #define HAVE_LDOUBLE_IEEE_EXT_LITTLE 1
| #define MPFR_USE_THREAD_SAFE 1
| #define LT_OBJDIR ".libs/"
| #define HAVE_ATTRIBUTE_MODE 1
| /* end confdefs.h.  */
| 
| /* Override any GCC internal prototype to avoid an error.
|    Use char because int might match the return type of a GCC
|    builtin and then its argument prototype would still apply.  */
| #ifdef __cplusplus
| extern "C"
| #endif
| char __gmpz_init ();
| int
| main ()
| {
| return __gmpz_init ();
|   ;
|   return 0;
| }
configure:14628: result: no
configure:14633: error: libgmp not found or uses a different ABI (including static vs shared).
Please read the INSTALL file -- see "In case of problem".

## ---------------- ##
## Cache variables. ##
## ---------------- ##

ac_cv_build=i686-pc-mingw32
ac_cv_c_compiler_gnu=yes
ac_cv_c_const=yes
ac_cv_c_volatile=yes
ac_cv_env_CC_set=
ac_cv_env_CC_value=
ac_cv_env_CFLAGS_set=
ac_cv_env_CFLAGS_value=
ac_cv_env_CPPFLAGS_set=
ac_cv_env_CPPFLAGS_value=
ac_cv_env_CPP_set=
ac_cv_env_CPP_value=
ac_cv_env_LDFLAGS_set=
ac_cv_env_LDFLAGS_value=
ac_cv_env_LIBS_set=
ac_cv_env_LIBS_value=
ac_cv_env_build_alias_set=
ac_cv_env_build_alias_value=
ac_cv_env_host_alias_set=
ac_cv_env_host_alias_value=
ac_cv_env_target_alias_set=
ac_cv_env_target_alias_value=
ac_cv_exeext=.exe
ac_cv_func_alloca_works=yes
ac_cv_func_gettimeofday=yes
ac_cv_func_memmove=yes
ac_cv_func_memset=yes
ac_cv_func_setlocale=yes
ac_cv_func_strtol=yes
ac_cv_header_dlfcn_h=no
ac_cv_header_float_h=yes
ac_cv_header_inttypes_h=yes
ac_cv_header_limits_h=yes
ac_cv_header_locale_h=yes
ac_cv_header_memory_h=yes
ac_cv_header_stdarg_h=yes
ac_cv_header_stdc=yes
ac_cv_header_stdint_h=yes
ac_cv_header_stdlib_h=yes
ac_cv_header_string_h=yes
ac_cv_header_strings_h=yes
ac_cv_header_sys_fpu_h=no
ac_cv_header_sys_stat_h=yes
ac_cv_header_sys_time_h=yes
ac_cv_header_sys_types_h=yes
ac_cv_header_time=yes
ac_cv_header_unistd_h=yes
ac_cv_header_wchar_h=yes
ac_cv_host=i686-pc-mingw32
ac_cv_lib_gmp___gmpz_init=no
ac_cv_lib_m_main=yes
ac_cv_objext=o
ac_cv_path_EGREP='/bin/grep -E'
ac_cv_path_FGREP='/bin/grep -F'
ac_cv_path_GREP=/bin/grep
ac_cv_path_SED=/bin/sed
ac_cv_path_mkdir=/bin/mkdir
ac_cv_prog_AWK=gawk
ac_cv_prog_CPP='gcc -std=gnu99 -E'
ac_cv_prog_ac_ct_AR=ar
ac_cv_prog_ac_ct_AS=as
ac_cv_prog_ac_ct_CC='gcc -std=gnu99'
ac_cv_prog_ac_ct_DLLTOOL=dlltool
ac_cv_prog_ac_ct_OBJDUMP=objdump
ac_cv_prog_ac_ct_RANLIB=ranlib
ac_cv_prog_ac_ct_STRIP=strip
ac_cv_prog_cc_c89=
ac_cv_prog_cc_g=yes
ac_cv_prog_cc_gcc_c_o=yes
ac_cv_prog_make_make_set=yes
ac_cv_search_clock_gettime=no
ac_cv_type_intmax_t=yes
ac_cv_type_long_double=yes
ac_cv_type_long_long_int=yes
ac_cv_type_size_t=yes
ac_cv_type_union_fpc_csr=no
ac_cv_working_alloca_h=no
am_cv_CC_dependencies_compiler_type=gcc3
gl_cv_size_max=yes
gmp_cv_c_attribute_mode=yes
lt_cv_ar_at_file=@
lt_cv_archive_cmds_need_lc=yes
lt_cv_deplibs_check_method='file_magic ^x86 archive import|^x86 DLL'
lt_cv_file_magic_cmd=func_win32_libid
lt_cv_file_magic_test_file=
lt_cv_ld_reload_flag=-r
lt_cv_nm_interface='BSD nm'
lt_cv_objdir=.libs
lt_cv_path_LD=c:/mingw/mingw32/bin/ld.exe
lt_cv_path_NM=/c/MinGW/bin/nm
lt_cv_path_mainfest_tool=no
lt_cv_prog_compiler_c_o=yes
lt_cv_prog_compiler_pic='-DDLL_EXPORT -DPIC'
lt_cv_prog_compiler_pic_works=yes
lt_cv_prog_compiler_rtti_exceptions=no
lt_cv_prog_compiler_static_works=yes
lt_cv_prog_gnu_ld=yes
lt_cv_sharedlib_from_linklib_cmd=func_cygming_dll_for_implib
lt_cv_sys_global_symbol_pipe='sed -n -e '\''s/^.*[	 ]\([ABCDGIRSTW][ABCDGIRSTW]*\)[	 ][	 ]*_\([_A-Za-z][_A-Za-z0-9]*\)\{0,1\}$/\1 _\2 \2/p'\'' | sed '\''/ __gnu_lto/d'\'''
lt_cv_sys_global_symbol_to_c_name_address='sed -n -e '\''s/^: \([^ ]*\)[ ]*$/  {\"\1\", (void *) 0},/p'\'' -e '\''s/^[ABCDGIRSTW]* \([^ ]*\) \([^ ]*\)$/  {"\2", (void *) \&\2},/p'\'''
lt_cv_sys_global_symbol_to_c_name_address_lib_prefix='sed -n -e '\''s/^: \([^ ]*\)[ ]*$/  {\"\1\", (void *) 0},/p'\'' -e '\''s/^[ABCDGIRSTW]* \([^ ]*\) \(lib[^ ]*\)$/  {"\2", (void *) \&\2},/p'\'' -e '\''s/^[ABCDGIRSTW]* \([^ ]*\) \([^ ]*\)$/  {"lib\2", (void *) \&\2},/p'\'''
lt_cv_sys_global_symbol_to_cdecl='sed -n -e '\''s/^T .* \(.*\)$/extern int \1();/p'\'' -e '\''s/^[ABCDGIRSTW]* .* \(.*\)$/extern char \1;/p'\'''
lt_cv_sys_max_cmd_len=8192
lt_cv_to_host_file_cmd=func_convert_file_msys_to_w32
lt_cv_to_tool_file_cmd=func_convert_file_msys_to_w32
mpfr_cv_c_long_double_format='IEEE extended, little endian'
mpfr_cv_errdivzero=no
mpfr_cv_gcc_floatconv_bug='yes, use -ffloat-store'
mpfr_cv_have_denorms=yes
mpfr_cv_have_fesetround=yes
mpfr_cv_have_intmax_max=yes
mpfr_cv_nanisnan=no

## ----------------- ##
## Output variables. ##
## ----------------- ##

ACLOCAL='${SHELL} /d/Spectral/Spectral/Spectral/mpfr-3.1.2/mpfr-3.1.2/missing --run aclocal-1.11'
ALLOCA=''
AMDEPBACKSLASH='\'
AMDEP_FALSE='#'
AMDEP_TRUE=''
AMTAR='$${TAR-tar}'
AR='ar'
AS='as'
AUTOCONF='${SHELL} /d/Spectral/Spectral/Spectral/mpfr-3.1.2/mpfr-3.1.2/missing --run autoconf'
AUTOHEADER='${SHELL} /d/Spectral/Spectral/Spectral/mpfr-3.1.2/mpfr-3.1.2/missing --run autoheader'
AUTOMAKE='${SHELL} /d/Spectral/Spectral/Spectral/mpfr-3.1.2/mpfr-3.1.2/missing --run automake-1.11'
AWK='gawk'
CC='gcc -std=gnu99'
CCDEPMODE='depmode=gcc3'
CFLAGS='-Wall -Wmissing-prototypes -Wpointer-arith -m32 -O2 -pedantic -fomit-frame-pointer -mtune=corei7 -march=corei7 -ffloat-store'
CPP='gcc -std=gnu99 -E'
CPPFLAGS=''
CYGPATH_W='cygpath -w'
DATAFILES=''
DEFS=''
DEPDIR='.deps'
DLLTOOL='dlltool'
DSYMUTIL=''
DUMPBIN=''
ECHO_C=''
ECHO_N='-n'
ECHO_T=''
EGREP='/bin/grep -E'
EXEEXT='.exe'
FGREP='/bin/grep -F'
GREP='/bin/grep'
INSTALL_DATA='${INSTALL} -m 644'
INSTALL_PROGRAM='${INSTALL}'
INSTALL_SCRIPT='${INSTALL}'
INSTALL_STRIP_PROGRAM='$(install_sh) -c -s'
LD='c:/mingw/mingw32/bin/ld.exe'
LDFLAGS=''
LIBMPFR_LDFLAGS=''
LIBOBJS=''
LIBS=''
LIBTOOL='$(SHELL) $(top_builddir)/libtool'
LIPO=''
LN_S='cp -pR'
LTLIBOBJS=''
MAINT=''
MAINTAINER_MODE_FALSE='#'
MAINTAINER_MODE_TRUE=''
MAKEINFO='${SHELL} /d/Spectral/Spectral/Spectral/mpfr-3.1.2/mpfr-3.1.2/missing --run makeinfo'
MANIFEST_TOOL=':'
MKDIR_P='/bin/mkdir -p'
MPFR_LDFLAGS=''
MPFR_LIBM='-lm'
NM='/c/MinGW/bin/nm'
NMEDIT=''
OBJDUMP='objdump'
OBJEXT='o'
OTOOL64=''
OTOOL=''
PACKAGE='mpfr'
PACKAGE_BUGREPORT=''
PACKAGE_NAME='MPFR'
PACKAGE_STRING='MPFR 3.1.2'
PACKAGE_TARNAME='mpfr'
PACKAGE_URL=''
PACKAGE_VERSION='3.1.2'
PATH_SEPARATOR=':'
RANLIB='ranlib'
SED='/bin/sed'
SET_MAKE=''
SHELL='/bin/sh'
STRIP='strip'
TUNE_LIBS=''
VERSION='3.1.2'
ac_ct_AR='ar'
ac_ct_CC='gcc -std=gnu99'
ac_ct_DUMPBIN=''
am__EXEEXT_FALSE=''
am__EXEEXT_TRUE=''
am__fastdepCC_FALSE='#'
am__fastdepCC_TRUE=''
am__include='include'
am__isrc=''
am__leading_dot='.'
am__nodep='_no'
am__quote=''
am__tar='$${TAR-tar} chof - "$$tardir"'
am__untar='$${TAR-tar} xf -'
bindir='${exec_prefix}/bin'
build='i686-pc-mingw32'
build_alias=''
build_cpu='i686'
build_os='mingw32'
build_vendor='pc'
datadir='${datarootdir}'
datarootdir='${prefix}/share'
docdir='${datarootdir}/doc/${PACKAGE_TARNAME}'
dvidir='${docdir}'
exec_prefix='NONE'
host='i686-pc-mingw32'
host_alias=''
host_cpu='i686'
host_os='mingw32'
host_vendor='pc'
htmldir='${docdir}'
includedir='${prefix}/include'
infodir='${datarootdir}/info'
install_sh='${SHELL} /d/Spectral/Spectral/Spectral/mpfr-3.1.2/mpfr-3.1.2/install-sh'
libdir='${exec_prefix}/lib'
libexecdir='${exec_prefix}/libexec'
localedir='${datarootdir}/locale'
localstatedir='${prefix}/var'
mandir='${datarootdir}/man'
mkdir_p='/bin/mkdir -p'
oldincludedir='/usr/include'
pdfdir='${docdir}'
prefix='NONE'
program_transform_name='s,x,x,'
psdir='${docdir}'
sbindir='${exec_prefix}/sbin'
sharedstatedir='${prefix}/com'
sysconfdir='${prefix}/etc'
target_alias=''

## ----------- ##
## confdefs.h. ##
## ----------- ##

/* confdefs.h */
#define PACKAGE_NAME "MPFR"
#define PACKAGE_TARNAME "mpfr"
#define PACKAGE_VERSION "3.1.2"
#define PACKAGE_STRING "MPFR 3.1.2"
#define PACKAGE_BUGREPORT ""
#define PACKAGE_URL ""
#define TIME_WITH_SYS_TIME 1
#define STDC_HEADERS 1
#define HAVE_SYS_TYPES_H 1
#define HAVE_SYS_STAT_H 1
#define HAVE_STDLIB_H 1
#define HAVE_STRING_H 1
#define HAVE_MEMORY_H 1
#define HAVE_STRINGS_H 1
#define HAVE_INTTYPES_H 1
#define HAVE_STDINT_H 1
#define HAVE_UNISTD_H 1
#define HAVE_LOCALE_H 1
#define HAVE_WCHAR_H 1
#define HAVE_STDARG 1
#define HAVE_SYS_TIME_H 1
#define HAVE_ALLOCA 1
#define HAVE_STDINT_H 1
#define HAVE_VA_COPY 1
#define HAVE_MEMMOVE 1
#define HAVE_MEMSET 1
#define HAVE_SETLOCALE 1
#define HAVE_STRTOL 1
#define HAVE_GETTIMEOFDAY 1
#define HAVE_LONG_LONG 1
#define HAVE_INTMAX_T 1
#define MPFR_HAVE_INTMAX_MAX 1
#define MPFR_HAVE_FESETROUND 1
#define HAVE_DENORMS 1
#define HAVE_ROUND 1
#define HAVE_TRUNC 1
#define HAVE_FLOOR 1
#define HAVE_CEIL 1
#define HAVE_NEARBYINT 1
#define HAVE_LONG_DOUBLE 1
#define HAVE_LDOUBLE_IEEE_EXT_LITTLE 1
#define MPFR_USE_THREAD_SAFE 1
#define LT_OBJDIR ".libs/"
#define HAVE_ATTRIBUTE_MODE 1

configure: exit 1
